<?xml version="1.0" encoding="UTF-8"?>
<!-- Generated by org.testng.reporters.JUnitXMLReporter -->
<testsuite hostname="c093" ignored="0" tests="1" failures="1" timestamp="22 Feb 2017 13:56:26 GMT" time="29.606" errors="0">
  <testcase name="Test" time="18.345" classname="TestClass">
    <failure type="java.lang.AssertionError" message="expected [$ 836.75] but found [$ 726.35]">
      <![CDATA[java.lang.AssertionError: expected [$ 836.75] but found [$ 726.35]
	at TestClass.Test(TestClass.java:47)
... Removed 35 stack frames]]>
    </failure>
  </testcase> <!-- Test -->
</testsuite>
