-------------------------------------------------------------------------------
Test set: ClassTest
-------------------------------------------------------------------------------
Tests run: 1, Failures: 1, Errors: 0, Skipped: 0, Time elapsed: 23.674 sec <<< FAILURE! - in ClassTest
Test(ClassTest)  Time elapsed: 12.875 sec  <<< FAILURE!
java.lang.AssertionError: expected [$ 836.75] but found [$ 726.35]
	at ClassTest.Test(ClassTest.java:51)

